[    0.000000] Linux version 4.15.0-112-generic (buildd@lcy01-amd64-027) (gcc version 7.5.0 (Ubuntu 7.5.0-3ubuntu1~18.04)) #113-Ubuntu SMP Thu Jul 9 23:41:39 UTC 2020 (Ubuntu 4.15.0-112.113-generic 4.15.18)
[    0.000000] Command line: BOOT_IMAGE=/boot/vmlinuz-4.15.0-112-generic root=LABEL=cloudimg-rootfs ro console=tty1 console=ttyS0
[    0.000000] KERNEL supported cpus:
[    0.000000]   Intel GenuineIntel
[    0.000000]   AMD AuthenticAMD
[    0.000000]   Centaur CentaurHauls
[    0.000000] x86/fpu: Supporting XSAVE feature 0x001: 'x87 floating point registers'
[    0.000000] x86/fpu: Supporting XSAVE feature 0x002: 'SSE registers'
[    0.000000] x86/fpu: Supporting XSAVE feature 0x004: 'AVX registers'
[    0.000000] x86/fpu: xstate_offset[2]:  576, xstate_sizes[2]:  256
[    0.000000] x86/fpu: Enabled xstate features 0x7, context size is 832 bytes, using 'standard' format.
[    0.000000] e820: BIOS-provided physical RAM map:
[    0.000000] BIOS-e820: [mem 0x0000000000000000-0x000000000009fbff] usable
[    0.000000] BIOS-e820: [mem 0x000000000009fc00-0x000000000009ffff] reserved
[    0.000000] BIOS-e820: [mem 0x00000000000f0000-0x00000000000fffff] reserved
[    0.000000] BIOS-e820: [mem 0x0000000000100000-0x000000007ffeffff] usable
[    0.000000] BIOS-e820: [mem 0x000000007fff0000-0x000000007fffffff] ACPI data
[    0.000000] BIOS-e820: [mem 0x00000000fec00000-0x00000000fec00fff] reserved
[    0.000000] BIOS-e820: [mem 0x00000000fee00000-0x00000000fee00fff] reserved
[    0.000000] BIOS-e820: [mem 0x00000000fffc0000-0x00000000ffffffff] reserved
[    0.000000] NX (Execute Disable) protection: active
[    0.000000] SMBIOS 2.5 present.
[    0.000000] DMI: innotek GmbH VirtualBox/VirtualBox, BIOS VirtualBox 12/01/2006
[    0.000000] Hypervisor detected: KVM
[    0.000000] e820: last_pfn = 0x7fff0 max_arch_pfn = 0x400000000
[    0.000000] MTRR: Disabled
[    0.000000] x86/PAT: MTRRs disabled, skipping PAT initialization too.
[    0.000000] CPU MTRRs all blank - virtualized system.
[    0.000000] x86/PAT: Configuration [0-7]: WB  WT  UC- UC  WB  WT  UC- UC  
[    0.000000] found SMP MP-table at [mem 0x0009fff0-0x0009ffff]
[    0.000000] Scanning 1 areas for low memory corruption
[    0.000000] RAMDISK: [mem 0x35a69000-0x36d2bfff]
[    0.000000] ACPI: Early table checksum verification disabled
[    0.000000] ACPI: RSDP 0x00000000000E0000 000024 (v02 VBOX  )
[    0.000000] ACPI: XSDT 0x000000007FFF0030 00003C (v01 VBOX   VBOXXSDT 00000001 ASL  00000061)
[    0.000000] ACPI: FACP 0x000000007FFF00F0 0000F4 (v04 VBOX   VBOXFACP 00000001 ASL  00000061)
[    0.000000] ACPI: DSDT 0x000000007FFF0470 002325 (v02 VBOX   VBOXBIOS 00000002 INTL 20100528)
[    0.000000] ACPI: FACS 0x000000007FFF0200 000040
[    0.000000] ACPI: FACS 0x000000007FFF0200 000040
[    0.000000] ACPI: APIC 0x000000007FFF0240 00005C (v02 VBOX   VBOXAPIC 00000001 ASL  00000061)
[    0.000000] ACPI: SSDT 0x000000007FFF02A0 0001CC (v01 VBOX   VBOXCPUT 00000002 INTL 20100528)
[    0.000000] No NUMA configuration found
[    0.000000] Faking a node at [mem 0x0000000000000000-0x000000007ffeffff]
[    0.000000] NODE_DATA(0) allocated [mem 0x7ffc5000-0x7ffeffff]
[    0.000000] kvm-clock: cpu 0, msr 0:7ff44001, primary cpu clock
[    0.000000] kvm-clock: Using msrs 4b564d01 and 4b564d00
[    0.000000] kvm-clock: using sched offset of 3835498553 cycles
[    0.000000] clocksource: kvm-clock: mask: 0xffffffffffffffff max_cycles: 0x1cd42e4dffb, max_idle_ns: 881590591483 ns
[    0.000000] Zone ranges:
[    0.000000]   DMA      [mem 0x0000000000001000-0x0000000000ffffff]
[    0.000000]   DMA32    [mem 0x0000000001000000-0x000000007ffeffff]
[    0.000000]   Normal   empty
[    0.000000]   Device   empty
[    0.000000] Movable zone start for each node
[    0.000000] Early memory node ranges
[    0.000000]   node   0: [mem 0x0000000000001000-0x000000000009efff]
[    0.000000]   node   0: [mem 0x0000000000100000-0x000000007ffeffff]
[    0.000000] Reserved but unavailable: 98 pages
[    0.000000] Initmem setup node 0 [mem 0x0000000000001000-0x000000007ffeffff]
[    0.000000] ACPI: PM-Timer IO Port: 0x4008
[    0.000000] IOAPIC[0]: apic_id 2, version 32, address 0xfec00000, GSI 0-23
[    0.000000] ACPI: INT_SRC_OVR (bus 0 bus_irq 0 global_irq 2 dfl dfl)
[    0.000000] ACPI: INT_SRC_OVR (bus 0 bus_irq 9 global_irq 9 low level)
[    0.000000] Using ACPI (MADT) for SMP configuration information
[    0.000000] smpboot: Allowing 2 CPUs, 0 hotplug CPUs
[    0.000000] PM: Registered nosave memory: [mem 0x00000000-0x00000fff]
[    0.000000] PM: Registered nosave memory: [mem 0x0009f000-0x0009ffff]
[    0.000000] PM: Registered nosave memory: [mem 0x000a0000-0x000effff]
[    0.000000] PM: Registered nosave memory: [mem 0x000f0000-0x000fffff]
[    0.000000] e820: [mem 0x80000000-0xfebfffff] available for PCI devices
[    0.000000] Booting paravirtualized kernel on KVM
[    0.000000] clocksource: refined-jiffies: mask: 0xffffffff max_cycles: 0xffffffff, max_idle_ns: 7645519600211568 ns
[    0.000000] random: get_random_bytes called from start_kernel+0x99/0x500 with crng_init=0
[    0.000000] setup_percpu: NR_CPUS:8192 nr_cpumask_bits:2 nr_cpu_ids:2 nr_node_ids:1
[    0.000000] percpu: Embedded 45 pages/cpu s147456 r8192 d28672 u1048576
[    0.000000] PV qspinlock hash table entries: 256 (order: 0, 4096 bytes)
[    0.000000] Built 1 zonelists, mobility grouping on.  Total pages: 515961
[    0.000000] Policy zone: DMA32
[    0.000000] Kernel command line: BOOT_IMAGE=/boot/vmlinuz-4.15.0-112-generic root=LABEL=cloudimg-rootfs ro console=tty1 console=ttyS0
[    0.000000] Memory: 2015232K/2096696K available (12300K kernel code, 2481K rwdata, 4272K rodata, 2436K init, 2720K bss, 81464K reserved, 0K cma-reserved)
[    0.000000] SLUB: HWalign=64, Order=0-3, MinObjects=0, CPUs=2, Nodes=1
[    0.000000] Kernel/User page tables isolation: enabled
[    0.000000] ftrace: allocating 39378 entries in 154 pages
[    0.004000] Hierarchical RCU implementation.
[    0.004000] 	RCU restricting CPUs from NR_CPUS=8192 to nr_cpu_ids=2.
[    0.004000] 	Tasks RCU enabled.
[    0.004000] RCU: Adjusting geometry for rcu_fanout_leaf=16, nr_cpu_ids=2
[    0.004000] NR_IRQS: 524544, nr_irqs: 440, preallocated irqs: 16
[    0.004000] Console: colour VGA+ 80x25
[    0.004000] console [tty1] enabled
[    0.004000] console [ttyS0] enabled
[    0.004000] ACPI: Core revision 20170831
[    0.004000] ACPI: 2 ACPI AML tables successfully acquired and loaded
[    0.004000] APIC: Switch to symmetric I/O mode setup
[    0.004000] x2apic enabled
[    0.004000] Switched APIC routing to physical x2apic.
[    0.004000] ..TIMER: vector=0x30 apic1=0 pin1=2 apic2=-1 pin2=-1
[    0.004004] tsc: Detected 3095.998 MHz processor
[    0.008011] Calibrating delay loop (skipped) preset value.. 6191.99 BogoMIPS (lpj=12383992)
[    0.010354] pid_max: default: 32768 minimum: 301
[    0.011350] Security Framework initialized
[    0.012003] Yama: becoming mindful.
[    0.012924] AppArmor: AppArmor initialized
[    0.016000] Dentry cache hash table entries: 262144 (order: 9, 2097152 bytes)
[    0.018137] Inode-cache hash table entries: 131072 (order: 8, 1048576 bytes)
[    0.020026] Mount-cache hash table entries: 4096 (order: 3, 32768 bytes)
[    0.024009] Mountpoint-cache hash table entries: 4096 (order: 3, 32768 bytes)
[    0.025883] Last level iTLB entries: 4KB 64, 2MB 8, 4MB 8
[    0.028003] Last level dTLB entries: 4KB 64, 2MB 0, 4MB 0, 1GB 4
[    0.029764] Spectre V1 : Mitigation: usercopy/swapgs barriers and __user pointer sanitization
[    0.032003] Spectre V2 : Mitigation: Full generic retpoline
[    0.033027] Spectre V2 : Spectre v2 / SpectreRSB mitigation: Filling RSB on context switch
[    0.034581] Speculative Store Bypass: Vulnerable
[    0.035723] SRBDS: Unknown: Dependent on hypervisor status
[    0.036005] MDS: Mitigation: Clear CPU buffers
[    0.037662] Freeing SMP alternatives memory: 36K
[    0.149145] smpboot: CPU0: Intel(R) Core(TM) i7-7920HQ CPU @ 3.10GHz (family: 0x6, model: 0x9e, stepping: 0x9)
[    0.151911] Performance Events: unsupported p6 CPU model 158 no PMU driver, software events only.
[    0.152057] Hierarchical SRCU implementation.
[    0.154014] NMI watchdog: Perf event create on CPU 0 failed with -2
[    0.156004] NMI watchdog: Perf NMI watchdog permanently disabled
[    0.157666] smp: Bringing up secondary CPUs ...
[    0.158715] x86: Booting SMP configuration:
[    0.160003] .... node  #0, CPUs:      #1
[    0.004000] kvm-clock: cpu 1, msr 0:7ff44041, secondary cpu clock
[    0.164020] smp: Brought up 1 node, 2 CPUs
[    0.164903] smpboot: Max logical packages: 1
[    0.165853] smpboot: Total of 2 processors activated (12383.99 BogoMIPS)
[    0.168234] devtmpfs: initialized
[    0.168851] x86/mm: Memory block size: 128MB
[    0.169833] evm: security.selinux
[    0.172003] evm: security.SMACK64
[    0.172607] evm: security.SMACK64EXEC
[    0.173280] evm: security.SMACK64TRANSMUTE
[    0.174081] evm: security.SMACK64MMAP
[    0.174746] evm: security.apparmor
[    0.175380] evm: security.ima
[    0.176003] evm: security.capability
[    0.176684] clocksource: jiffies: mask: 0xffffffff max_cycles: 0xffffffff, max_idle_ns: 7645041785100000 ns
[    0.177710] futex hash table entries: 512 (order: 3, 32768 bytes)
[    0.180057] pinctrl core: initialized pinctrl subsystem
[    0.181364] RTC time:  9:36:34, date: 09/02/20
[    0.182429] NET: Registered protocol family 16
[    0.183442] audit: initializing netlink subsys (disabled)
[    0.184046] audit: type=2000 audit(1599039399.197:1): state=initialized audit_enabled=0 res=1
[    0.184132] cpuidle: using governor ladder
[    0.188013] cpuidle: using governor menu
[    0.188944] ACPI: bus type PCI registered
[    0.189680] acpiphp: ACPI Hot Plug PCI Controller Driver version: 0.5
[    0.190946] PCI: Using configuration type 1 for base access
[    0.193421] HugeTLB registered 2.00 MiB page size, pre-allocated 0 pages
[    0.196069] ACPI: Added _OSI(Module Device)
[    0.196818] ACPI: Added _OSI(Processor Device)
[    0.197778] ACPI: Added _OSI(3.0 _SCP Extensions)
[    0.199169] ACPI: Added _OSI(Processor Aggregator Device)
[    0.200011] ACPI: Added _OSI(Linux-Dell-Video)
[    0.201983] ACPI: Added _OSI(Linux-Lenovo-NV-HDMI-Audio)
[    0.204004] ACPI: Added _OSI(Linux-HPI-Hybrid-Graphics)
[    0.206022] ACPI: Executed 1 blocks of module-level executable AML code
[    0.210037] ACPI: Interpreter enabled
[    0.210728] ACPI: (supports S0 S5)
[    0.211359] ACPI: Using IOAPIC for interrupt routing
[    0.212176] PCI: Using host bridge windows from ACPI; if necessary, use "pci=nocrs" and report a bug
[    0.213994] ACPI: Enabled 2 GPEs in block 00 to 07
[    0.222285] ACPI: PCI Root Bridge [PCI0] (domain 0000 [bus 00-ff])
[    0.223445] acpi PNP0A03:00: _OSC: OS supports [ASPM ClockPM Segments MSI]
[    0.224387] acpi PNP0A03:00: _OSC: not requesting OS control; OS requires [ExtendedConfig ASPM ClockPM MSI]
[    0.226372] acpi PNP0A03:00: fail to add MMCONFIG information, can't access extended PCI configuration space under this bridge.
[    0.228426] PCI host bridge to bus 0000:00
[    0.229176] pci_bus 0000:00: root bus resource [io  0x0000-0x0cf7 window]
[    0.230583] pci_bus 0000:00: root bus resource [io  0x0d00-0xffff window]
[    0.232026] pci_bus 0000:00: root bus resource [mem 0x000a0000-0x000bffff window]
[    0.234010] pci_bus 0000:00: root bus resource [mem 0x80000000-0xfdffffff window]
[    0.236010] pci_bus 0000:00: root bus resource [bus 00-ff]
[    0.240744] pci 0000:00:01.1: legacy IDE quirk: reg 0x10: [io  0x01f0-0x01f7]
[    0.242019] pci 0000:00:01.1: legacy IDE quirk: reg 0x14: [io  0x03f6]
[    0.243130] pci 0000:00:01.1: legacy IDE quirk: reg 0x18: [io  0x0170-0x0177]
[    0.244002] pci 0000:00:01.1: legacy IDE quirk: reg 0x1c: [io  0x0376]
[    0.270676] pci 0000:00:07.0: quirk: [io  0x4000-0x403f] claimed by PIIX4 ACPI
[    0.272000] pci 0000:00:07.0: quirk: [io  0x4100-0x410f] claimed by PIIX4 SMB
[    0.289303] ACPI: PCI Interrupt Link [LNKA] (IRQs 5 9 10 *11)
[    0.290799] ACPI: PCI Interrupt Link [LNKB] (IRQs 5 9 *10 11)
[    0.291972] ACPI: PCI Interrupt Link [LNKC] (IRQs 5 *9 10 11)
[    0.292192] ACPI: PCI Interrupt Link [LNKD] (IRQs 5 9 10 *11)
[    0.293510] SCSI subsystem initialized
[    0.294234] pci 0000:00:02.0: vgaarb: setting as boot VGA device
[    0.294234] pci 0000:00:02.0: vgaarb: VGA device added: decodes=io+mem,owns=io+mem,locks=none
[    0.296017] pci 0000:00:02.0: vgaarb: bridge control possible
[    0.300008] vgaarb: loaded
[    0.300627] ACPI: bus type USB registered
[    0.301591] usbcore: registered new interface driver usbfs
[    0.302899] usbcore: registered new interface driver hub
[    0.304027] usbcore: registered new device driver usb
[    0.304969] EDAC MC: Ver: 3.0.0
[    0.304969] PCI: Using ACPI for IRQ routing
[    0.305190] NetLabel: Initializing
[    0.308003] NetLabel:  domain hash size = 128
[    0.308805] NetLabel:  protocols = UNLABELED CIPSOv4 CALIPSO
[    0.309807] NetLabel:  unlabeled traffic allowed by default
[    0.310796] clocksource: Switched to clocksource kvm-clock
[    0.323421] VFS: Disk quotas dquot_6.6.0
[    0.324405] VFS: Dquot-cache hash table entries: 512 (order 0, 4096 bytes)
[    0.326179] AppArmor: AppArmor Filesystem Enabled
[    0.327324] pnp: PnP ACPI init
[    0.329610] pnp: PnP ACPI: found 3 devices
[    0.339210] clocksource: acpi_pm: mask: 0xffffff max_cycles: 0xffffff, max_idle_ns: 2085701024 ns
[    0.341120] NET: Registered protocol family 2
[    0.342063] TCP established hash table entries: 16384 (order: 5, 131072 bytes)
[    0.343355] TCP bind hash table entries: 16384 (order: 6, 262144 bytes)
[    0.344815] TCP: Hash tables configured (established 16384 bind 16384)
[    0.348646] UDP hash table entries: 1024 (order: 3, 32768 bytes)
[    0.350383] UDP-Lite hash table entries: 1024 (order: 3, 32768 bytes)
[    0.351676] NET: Registered protocol family 1
[    0.352524] pci 0000:00:00.0: Limiting direct PCI/PCI transfers
[    0.353613] pci 0000:00:01.0: Activating ISA DMA hang workarounds
[    0.354713] pci 0000:00:02.0: Video device with shadowed ROM at [mem 0x000c0000-0x000dffff]
[    0.356282] Unpacking initramfs...
[    0.688597] Freeing initrd memory: 19212K
[    0.689821] clocksource: tsc: mask: 0xffffffffffffffff max_cycles: 0x2ca082f6619, max_idle_ns: 440795220240 ns
[    0.692893] platform rtc_cmos: registered platform RTC device (no PNP device found)
[    0.694967] Scanning for low memory corruption every 60 seconds
[    0.697177] Initialise system trusted keyrings
[    0.698180] Key type blacklist registered
[    0.699257] workingset: timestamp_bits=36 max_order=19 bucket_order=0
[    0.701307] zbud: loaded
[    0.702403] squashfs: version 4.0 (2009/01/31) Phillip Lougher
[    0.703580] fuse init (API version 7.26)
[    0.706617] Key type asymmetric registered
[    0.707385] Asymmetric key parser 'x509' registered
[    0.708346] Block layer SCSI generic (bsg) driver version 0.4 loaded (major 246)
[    0.709871] io scheduler noop registered
[    0.710705] io scheduler deadline registered
[    0.711703] io scheduler cfq registered (default)
[    0.713020] ACPI: AC Adapter [AC] (on-line)
[    0.713840] input: Power Button as /devices/LNXSYSTM:00/LNXPWRBN:00/input/input0
[    0.715592] ACPI: Power Button [PWRF]
[    0.716497] input: Sleep Button as /devices/LNXSYSTM:00/LNXSLPBN:00/input/input1
[    0.717913] ACPI: Sleep Button [SLPF]
[    0.720186] ACPI: Battery Slot [BAT0] (battery present)
[    0.721156] Serial: 8250/16550 driver, 32 ports, IRQ sharing enabled
[    0.743348] 00:02: ttyS0 at I/O 0x3f8 (irq = 4, base_baud = 115200) is a 16550A
[    0.748417] Linux agpgart interface v0.103
[    0.752337] loop: module loaded
[    0.753569] scsi host0: ata_piix
[    0.754307] scsi host1: ata_piix
[    0.754953] ata1: PATA max UDMA/33 cmd 0x1f0 ctl 0x3f6 bmdma 0xd000 irq 14
[    0.756137] ata2: PATA max UDMA/33 cmd 0x170 ctl 0x376 bmdma 0xd008 irq 15
[    0.757875] libphy: Fixed MDIO Bus: probed
[    0.758608] tun: Universal TUN/TAP device driver, 1.6
[    0.759578] PPP generic driver version 2.4.2
[    0.760656] ehci_hcd: USB 2.0 'Enhanced' Host Controller (EHCI) Driver
[    0.761945] ehci-pci: EHCI PCI platform driver
[    0.762779] ehci-platform: EHCI generic platform driver
[    0.763727] ohci_hcd: USB 1.1 'Open' Host Controller (OHCI) Driver
[    0.765438] ohci-pci: OHCI PCI platform driver
[    0.766236] ohci-platform: OHCI generic platform driver
[    0.767145] uhci_hcd: USB Universal Host Controller Interface driver
[    0.768353] i8042: PNP: PS/2 Controller [PNP0303:PS2K,PNP0f03:PS2M] at 0x60,0x64 irq 1,12
[    0.770349] serio: i8042 KBD port at 0x60,0x64 irq 1
[    0.771244] serio: i8042 AUX port at 0x60,0x64 irq 12
[    0.772365] mousedev: PS/2 mouse device common for all mice
[    0.774049] rtc_cmos rtc_cmos: rtc core: registered rtc_cmos as rtc0
[    0.775415] input: AT Translated Set 2 keyboard as /devices/platform/i8042/serio0/input/input2
[    0.777358] rtc_cmos rtc_cmos: alarms up to one day, 114 bytes nvram
[    0.778913] i2c /dev entries driver
[    0.779828] device-mapper: uevent: version 1.0.3
[    0.781133] device-mapper: ioctl: 4.37.0-ioctl (2017-09-20) initialised: dm-devel@redhat.com
[    0.782822] ledtrig-cpu: registered to indicate activity on CPUs
[    0.784163] NET: Registered protocol family 10
[    0.787985] Segment Routing with IPv6
[    0.788910] NET: Registered protocol family 17
[    0.789991] Key type dns_resolver registered
[    0.791506] mce: Using 0 MCE banks
[    0.792157] RAS: Correctable Errors collector initialized.
[    0.793528] sched_clock: Marking stable (792139049, 0)->(987283054, -195144005)
[    0.797179] registered taskstats version 1
[    0.798393] Loading compiled-in X.509 certificates
[    0.802214] Loaded X.509 cert 'Build time autogenerated kernel key: 1d4b83cbc5f7a3cd7e4471a5cf69d65d9314bdf5'
[    0.804455] zswap: loaded using pool lzo/zbud
[    0.809480] Key type big_key registered
[    0.810462] Key type trusted registered
[    0.814640] Key type encrypted registered
[    0.816064] AppArmor: AppArmor sha1 policy hashing enabled
[    0.817633] ima: No TPM chip found, activating TPM-bypass! (rc=-19)
[    0.819109] ima: Allocated hash algorithm: sha1
[    0.820494] evm: HMAC attrs: 0x1
[    0.821441]   Magic number: 4:701:625
[    0.822205] rtc_cmos rtc_cmos: setting system clock to 2020-09-02 09:36:34 UTC (1599039394)
[    0.823893] BIOS EDD facility v0.16 2004-Jun-25, 0 devices found
[    0.825184] EDD information not available.
[    0.988558] Freeing unused kernel image memory: 2436K
[    1.000217] Write protecting the kernel read-only data: 20480k
[    1.002449] Freeing unused kernel image memory: 2008K
[    1.004419] Freeing unused kernel image memory: 1872K
[    1.012318] x86/mm: Checked W+X mappings: passed, no W+X pages found.
[    1.013965] x86/mm: Checking user space page tables
[    1.023037] x86/mm: Checked W+X mappings: passed, no W+X pages found.
Loading, please wait...
starting version 237
[    1.098263] Fusion MPT base driver 3.04.20
[    1.099486] Copyright (c) 1999-2008 LSI Corporation
[    1.124497] Fusion MPT SPI Host driver 3.04.20
[    1.124955] e1000: Intel(R) PRO/1000 Network Driver - version 7.3.21-k8-NAPI
[    1.128245] e1000: Copyright (c) 1999-2006 Intel Corporation.
[    1.131551] mptbase: ioc0: Initiating bringup
[    1.135222] AVX2 version of gcm_enc/dec engaged.
[    1.136523] AES CTR mode by8 optimization enabled
[    1.340666] ioc0: LSI53C1030 A0: Capabilities={Initiator}
[    1.342980] input: ImExPS/2 Generic Explorer Mouse as /devices/platform/i8042/serio1/input/input4
[    3.698180] scsi host2: ioc0: LSI53C1030 A0, FwRev=00000000h, Ports=1, MaxQ=256, IRQ=20
[    6.914771] scsi 2:0:0:0: Direct-Access     VBOX     HARDDISK         1.0  PQ: 0 ANSI: 5
[    7.650407] scsi target2:0:0: Beginning Domain Validation
[    7.720089] scsi target2:0:0: Domain Validation skipping write tests
[    7.721806] scsi target2:0:0: Ending Domain Validation
[    7.723197] scsi target2:0:0: asynchronous
[    7.724651] scsi 2:0:1:0: Direct-Access     VBOX     HARDDISK         1.0  PQ: 0 ANSI: 5
[    7.968160] scsi target2:0:1: Beginning Domain Validation
[    7.970998] random: fast init done
[    7.972114] scsi target2:0:1: Domain Validation skipping write tests
[    7.973676] scsi target2:0:1: Ending Domain Validation
[    7.974813] scsi target2:0:1: asynchronous
[    7.980236] sd 2:0:0:0: Attached scsi generic sg0 type 0
[    7.980480] random: systemd-udevd: uninitialized urandom read (16 bytes read)
[    7.981549] sd 2:0:1:0: Attached scsi generic sg1 type 0
[    7.983151] random: systemd-udevd: uninitialized urandom read (16 bytes read)
[    7.986431] sd 2:0:0:0: [sda] 20971520 512-byte logical blocks: (10.7 GB/10.0 GiB)
[    7.986601] random: systemd-udevd: uninitialized urandom read (16 bytes read)
[    7.987909] sd 2:0:1:0: [sdb] 20480 512-byte logical blocks: (10.5 MB/10.0 MiB)
[    7.990914] sd 2:0:0:0: [sda] Write Protect is off
[    7.992090] sd 2:0:1:0: [sdb] Write Protect is off
[    7.993098] sd 2:0:0:0: [sda] Incomplete mode parameter data
[    7.994219] sd 2:0:0:0: [sda] Assuming drive cache: write through
[    7.995724] sd 2:0:1:0: [sdb] Incomplete mode parameter data
[    7.996992] sd 2:0:1:0: [sdb] Assuming drive cache: write through
[    7.999219]  sda: sda1
[    8.000444] sd 2:0:0:0: [sda] Attached SCSI disk
[    8.002277] sd 2:0:1:0: [sdb] Attached SCSI disk
[    8.037640] e1000 0000:00:03.0 eth0: (PCI:33MHz:32-bit) 02:95:95:10:ca:f7
[    8.039318] e1000 0000:00:03.0 eth0: Intel(R) PRO/1000 Network Connection
[    8.458762] e1000 0000:00:08.0 eth1: (PCI:33MHz:32-bit) 08:00:27:5d:d1:c4
[    8.460459] e1000 0000:00:08.0 eth1: Intel(R) PRO/1000 Network Connection
[    8.464282] e1000 0000:00:03.0 enp0s3: renamed from eth0
[    8.476573] e1000 0000:00:08.0 enp0s8: renamed from eth1
Begin: Loading essential drivers ... [   10.292292] raid6: sse2x1   gen() 11294 MB/s
[   10.340327] raid6: sse2x1   xor()  7015 MB/s
[   10.388512] raid6: sse2x2   gen() 13447 MB/s
[   10.436521] raid6: sse2x2   xor()  9264 MB/s
[   10.484531] raid6: sse2x4   gen() 15734 MB/s
[   10.532069] raid6: sse2x4   xor() 10089 MB/s
[   10.580243] raid6: avx2x1   gen() 20652 MB/s
[   10.628116] raid6: avx2x1   xor() 15623 MB/s
[   10.676545] raid6: avx2x2   gen() 26356 MB/s
[   10.724042] raid6: avx2x2   xor() 16183 MB/s
[   10.772050] raid6: avx2x4   gen() 27241 MB/s
[   10.820317] raid6: avx2x4   xor() 18449 MB/s
[   10.821710] raid6: using algorithm avx2x4 gen() 27241 MB/s
[   10.823154] raid6: .... xor() 18449 MB/s, rmw enabled
[   10.824723] raid6: using avx2x2 recovery algorithm
[   10.827260] xor: automatically using best checksumming function   avx       
[   10.831015] async_tx: api initialized (async)
done.
Begin: Running /scripts/init-premount ... done.
Begin: Mounting root file system ... Begin: Running /scripts/local-top ... done.
Begin: Running /scripts/local-premount ... [   10.878411] Btrfs loaded, crc32c=crc32c-intel
Scanning for Btrfs filesystems
done.
Warning: fsck not present, so skipping root file system
[   10.901048] EXT4-fs (sda1): mounted filesystem with ordered data mode. Opts: (null)
done.
Begin: Running /scripts/local-bottom ... done.
Begin: Running /scripts/init-bottom ... done.
[   11.007422] ip_tables: (C) 2000-2006 Netfilter Core Team
[   11.013841] systemd[1]: systemd 237 running in system mode. (+PAM +AUDIT +SELINUX +IMA +APPARMOR +SMACK +SYSVINIT +UTMP +LIBCRYPTSETUP +GCRYPT +GNUTLS +ACL +XZ +LZ4 +SECCOMP +BLKID +ELFUTILS +KMOD -IDN2 +IDN -PCRE2 default-hierarchy=hybrid)
[   11.018108] systemd[1]: Detected virtualization oracle.
[   11.019082] systemd[1]: Detected architecture x86-64.

Welcome to [1mUbuntu 18.04.5 LTS[0m!

[   11.023978] systemd[1]: Set hostname to <ubuntu>.
[   11.027455] systemd[1]: Initializing machine ID from random generator.
[   11.029279] systemd[1]: Installed transient /etc/machine-id file.
[   11.219175] systemd[1]: Reached target System Time Synchronized.
[[0;32m  OK  [0m] Reached target System Time Synchronized.
[   11.221168] systemd[1]: Reached target Swap.
[[0;32m  OK  [0m] Reached target Swap.
[   11.223511] systemd[1]: Created slice User and Session Slice.
[[0;32m  OK  [0m] Created slice User and Session Slice.
[   11.225551] systemd[1]: Started Forward Password Requests to Wall Directory Watch.
[[0;32m  OK  [0m] Started Forward Password Requests to Wall Directory Watch.
[[0;32m  OK  [0m] Reached target User and Group Name Lookups.
[[0;32m  OK  [0m] Set up automount Arbitrary Executab…rmats File System Automount Point.
[[0;32m  OK  [0m] Created slice System Slice.
[[0;32m  OK  [0m] Listening on Journal Audit Socket.
[[0;32m  OK  [0m] Listening on Journal Socket (/dev/log).
[[0;32m  OK  [0m] Listening on Device-mapper event daemon FIFOs.
[[0;32m  OK  [0m] Created slice system-serial\x2dgetty.slice.
[[0;32m  OK  [0m] Listening on Syslog Socket.
[[0;32m  OK  [0m] Listening on udev Control Socket.
[[0;32m  OK  [0m] Listening on Journal Socket.
         Starting Uncomplicated firewall...
         Starting Load Kernel Modules...
[[0;32m  OK  [0m] Reached target Slices.
[[0;32m  OK  [0m] Listening on LVM2 metadata daemon socket.
         Starting Monitoring of LVM2 mirrors…ng dmeventd or progress polling...
[[0;32m  OK  [0m] Listening on /dev/initctl Compatibility Named Pipe.
         Starting Create list of required st…ce nodes for the current kernel...
[   11.291245] Loading iSCSI transport class v2.0-870.
[[0;32m  OK  [0m] Listening on Network Service Netlink Socket.
         Starting Set the console keyboard layout...
[[0;32m  OK  [0m] Listening on LVM2 poll daemon socket.
         Starting Remount Root and Kernel File Systems...
[[0;32m  OK  [0m] Listening on udev Kernel Socket.
[   11.303259] iscsi: registered transport (tcp)
         Starting udev Coldplug all Devices...
         Mounting POSIX Message Queue File System...
         Mounting Huge Pages File System...
         Mounting Kernel Debug File System...
         Starting Journal Service...
[[0;32m  OK  [0m] Started Uncomplicated firewall.
[[0;32m  OK  [0m] Started Create list of required sta…vice nodes for the current kernel.
[[0;32m  OK  [0m] Started LVM2 metadata daemon.
         Starting Create Static Device Nodes in /dev...
[[0;32m  OK  [0m] Started udev Coldplug all Devices.
[[0;32m  OK  [0m] Started Journal Service.
[[0;32m  OK  [0m] Started Create Static Device Nodes in /dev.
[   11.424930] EXT4-fs (sda1): re-mounted. Opts: (null)
[[0;32m  OK  [0m] Mounted Huge Pages File System.
[[0;32m  OK  [0m] Started Remount Root and Kernel File Systems.
[[0;32m  OK  [0m] Mounted POSIX Message Queue File System.
[[0;32m  OK  [0m] Mounted Kernel Debug File System.
         Starting Flush Journal to Persistent Storage...
         Starting Load/Save Random Seed...
         Starting udev Kernel Device Manager...
[[0;32m  OK  [0m] Started Monitoring of LVM2 mirrors,…sing dmeventd or progress polling.
[   11.477985] systemd-journald[392]: Received request to flush runtime journal from PID 1
[   11.485235] iscsi: registered transport (iser)
[[0;32m  OK  [0m] Started Load Kernel Modules.
         Mounting Kernel Configuration File System...
         Starting Apply Kernel Variables...
         Mounting FUSE Control File System...
[[0;32m  OK  [0m] Mounted Kernel Configuration File System.
[[0;32m  OK  [0m] Mounted FUSE Control File System.
[[0;32m  OK  [0m] Started Load/Save Random Seed.
[[0;32m  OK  [0m] Started udev Kernel Device Manager.
[[0;32m  OK  [0m] Started Set the console keyboard layout.
[[0;32m  OK  [0m] Started Apply Kernel Variables.
[[0;32m  OK  [0m] Reached target Local File Systems (Pre).
[[0;32m  OK  [0m] Reached target Local File Systems.
         Starting ebtables ruleset management...
         Starting Commit a transient machine-id on disk...
         Starting Set console font and keymap...
         Starting AppArmor initialization...
         Starting Tell Plymouth To Write Out Runtime Data...
[[0;32m  OK  [0m] Started Dispatch Password Requests to Console Directory Watch.
[[0;32m  OK  [0m] Reached target Local Encrypted Volumes.
[[0;32m  OK  [0m] Started Flush Journal to Persistent Storage.
[[0;32m  OK  [0m] Started Set console font and keymap.
[[0;32m  OK  [0m] Started Tell Plymouth To Write Out Runtime Data.
         Starting Create Volatile Files and Directories...
[[0;32m  OK  [0m] Started Create Volatile Files and Directories.
         Starting Update UTMP about System Boot/Shutdown...
[[0;32m  OK  [0m] Started Commit a transient machine-id on disk.
[[0;32m  OK  [0m] Started Update UTMP about System Boot/Shutdown.
[[0;32m  OK  [0m] Started ebtables ruleset management.
[[0;32m  OK  [0m] Found device /dev/ttyS0.
[[0;32m  OK  [0m] Listening on Load/Save RF Kill Switch Status /dev/rfkill Watch.
[[0;32m  OK  [0m] Started AppArmor initialization.
         Starting Load AppArmor profiles managed internally by snapd...
         Starting Initial cloud-init job (pre-networking)...
[[0;32m  OK  [0m] Started Load AppArmor profiles managed internally by snapd.
[   13.374015] cloud-init[548]: Cloud-init v. 20.2-45-g5f7825e2-0ubuntu1~18.04.1 running 'init-local' at Wed, 02 Sep 2020 09:36:46 +0000. Up 13.08 seconds.
[[0;32m  OK  [0m] Started Initial cloud-init job (pre-networking).
[[0;32m  OK  [0m] Reached target Network (Pre).
         Starting Network Service...
[[0;32m  OK  [0m] Started Network Service.
         Starting Wait for Network to be Configured...
         Starting Network Name Resolution...
[[0;32m  OK  [0m] Started Network Name Resolution.
[[0;32m  OK  [0m] Reached target Network.
[[0;32m  OK  [0m] Reached target Host and Network Name Lookups.
[[0;32m  OK  [0m] Started Wait for Network to be Configured.
         Starting Initial cloud-init job (metadata service crawler)...
[   16.520306] cloud-init[651]: Cloud-init v. 20.2-45-g5f7825e2-0ubuntu1~18.04.1 running 'init' at Wed, 02 Sep 2020 09:36:50 +0000. Up 16.35 seconds.
[   16.532375] cloud-init[651]: ci-info: ++++++++++++++++++++++++++++++++++++++Net device info+++++++++++++++++++++++++++++++++++++++
[   16.544363] cloud-init[651]: ci-info: +--------+-------+----------------------------+---------------+--------+-------------------+
[   16.545831] cloud-init[651]: ci-info: | Device |   Up  |          Address           |      Mask     | Scope  |     Hw-Address    |
[   16.556206] cloud-init[651]: ci-info: +--------+-------+----------------------------+---------------+--------+-------------------+
[   16.557388] cloud-init[651]: ci-info: | enp0s3 |  True |         10.0.2.15          | 255.255.255.0 | global | 02:95:95:10:ca:f7 |
[   16.568286] cloud-init[651]: ci-info: | enp0s3 |  True | fe80::95:95ff:fe10:caf7/64 |       .       |  link  | 02:95:95:10:ca:f7 |
[   16.570049] cloud-init[651]: ci-info: | enp0s8 | False |             .              |       .       |   .    | 08:00:27:5d:d1:c4 |
[   16.572051] cloud-init[651]: ci-info: |   lo   |  True |         127.0.0.1          |   255.0.0.0   |  host  |         .         |
[   16.584282] cloud-init[651]: ci-info: |   lo   |  True |          ::1/128           |       .       |  host  |         .         |
[   16.585856] cloud-init[651]: ci-info: +--------+-------+----------------------------+---------------+--------+-------------------+
[   16.588088] cloud-init[651]: ci-info: ++++++++++++++++++++++++++++Route IPv4 info+++++++++++++++++++++++++++++
[   16.589668] cloud-init[651]: ci-info: +-------+-------------+----------+-----------------+-----------+-------+
[   16.592070] cloud-init[651]: ci-info: | Route | Destination | Gateway  |     Genmask     | Interface | Flags |
[   16.593971] cloud-init[651]: ci-info: +-------+-------------+----------+-----------------+-----------+-------+
[   16.604266] cloud-init[651]: ci-info: |   0   |   0.0.0.0   | 10.0.2.2 |     0.0.0.0     |   enp0s3  |   UG  |
[   16.605583] cloud-init[651]: ci-info: |   1   |   10.0.2.0  | 0.0.0.0  |  255.255.255.0  |   enp0s3  |   U   |
[   16.620327] cloud-init[651]: ci-info: |   2   |   10.0.2.2  | 0.0.0.0  | 255.255.255.255 |   enp0s3  |   UH  |
[   16.622649] cloud-init[651]: ci-info: +-------+-------------+----------+-----------------+-----------+-------+
[   16.625139] cloud-init[651]: ci-info: +++++++++++++++++++Route IPv6 info+++++++++++++++++++
[   16.626576] cloud-init[651]: ci-info: +-------+-------------+---------+-----------+-------+
[   16.627747] cloud-init[651]: ci-info: | Route | Destination | Gateway | Interface | Flags |
[   16.640318] cloud-init[651]: ci-info: +-------+-------------+---------+-----------+-------+
[   16.641819] cloud-init[651]: ci-info: |   1   |  fe80::/64  |    ::   |   enp0s3  |   U   |
[   16.643116] cloud-init[651]: ci-info: |   3   |    local    |    ::   |   enp0s3  |   U   |
[   16.644471] cloud-init[651]: ci-info: |   4   |   ff00::/8  |    ::   |   enp0s3  |   U   |
[   16.646190] cloud-init[651]: ci-info: +-------+-------------+---------+-----------+-------+
[   19.552956] cloud-init[651]: Generating public/private rsa key pair.
[   19.568369] cloud-init[651]: Your identification has been saved in /etc/ssh/ssh_host_rsa_key.
[   19.569964] cloud-init[651]: Your public key has been saved in /etc/ssh/ssh_host_rsa_key.pub.
[   19.571844] cloud-init[651]: The key fingerprint is:
[   19.573091] cloud-init[651]: SHA256:aB7bp4VhEE74EHUaSWx14uhpZpvhEN9xVRFoJajj/7Y root@ubuntu-bionic
[   19.575141] cloud-init[651]: The key's randomart image is:
[   19.577058] cloud-init[651]: +---[RSA 2048]----+
[   19.578159] cloud-init[651]: |    .**o+ ..o+=o |
[   19.579163] cloud-init[651]: |    oo+B o..o.   |
[   19.580199] cloud-init[651]: |    .+= o...     |
[   19.581300] cloud-init[651]: |     +.=oo       |
[   19.582379] cloud-init[651]: |    . %.S.       |
[   19.583572] cloud-init[651]: |     O O.o       |
[   19.584836] cloud-init[651]: |      * o.o      |
[   19.586045] cloud-init[651]: |         +. .    |
[   19.587397] cloud-init[651]: |        .  oE.   |
[   19.600888] cloud-init[651]: +----[SHA256]-----+
[   19.602193] cloud-init[651]: Generating public/private dsa key pair.
[   19.604407] cloud-init[651]: Your identification has been saved in /etc/ssh/ssh_host_dsa_key.
[   19.607584] cloud-init[651]: Your public key has been saved in /etc/ssh/ssh_host_dsa_key.pub.
[   19.610040] cloud-init[651]: The key fingerprint is:
[   19.611769] cloud-init[651]: SHA256:ZMC33DTxY+R/eFL7jW1EEoEBptt3EeN98ow3IgMYpSg root@ubuntu-bionic
[   19.614541] cloud-init[651]: The key's randomart image is:
[   19.624409] cloud-init[651]: +---[DSA 1024]----+
[   19.625385] cloud-init[651]: |     .....+ooo=. |
[   19.626499] cloud-init[651]: |      o.=oo+.. = |
[   19.628613] cloud-init[651]: |   E . =+= .= = =|
[   19.630596] cloud-init[651]: |    .  oooo. o @o|
[   19.631983] cloud-init[651]: |        S .o..*oB|
[   19.633291] cloud-init[651]: |           .o..O+|
[   19.634709] cloud-init[651]: |              . =|
[   19.636183] cloud-init[651]: |               . |
[   19.637804] cloud-init[651]: |                 |
[   19.648669] cloud-init[651]: +----[SHA256]-----+
[   19.650759] cloud-init[651]: Generating public/private ecdsa key pair.
[   19.652844] cloud-init[651]: Your identification has been saved in /etc/ssh/ssh_host_ecdsa_key.
[   19.655030] cloud-init[651]: Your public key has been saved in /etc/ssh/ssh_host_ecdsa_key.pub.
[   19.657296] cloud-init[651]: The key fingerprint is:
[   19.658494] cloud-init[651]: SHA256:QKjYBWM5eL2oZ8TobE9a3BH34ovVrfiJNQohKHpCmIY root@ubuntu-bionic
[   19.660590] cloud-init[651]: The key's randomart image is:
[   19.662172] cloud-init[651]: +---[ECDSA 256]---+
[   19.664162] cloud-init[651]: | .++ ..          |
[   19.665822] cloud-init[651]: |..+.+o .         |
[[0;32m  OK  [0m] Started Initial cloud-init job (metadata service crawler).
[   19.676622] cloud-init[651]: | * = .+ .        |
[   19.679883] cloud-init[651]: |=.B .. o .       |
[[0;32m  OK  [0m[   19.681748] cloud-init[651]: |E*....o S .      |
[   19.682515] cloud-init[651]: |*+o+...o . .     |
[   19.683239] cloud-init[651]: |+o*  .o oo.      |
[   19.683962] cloud-init[651]: | + . ..o+.o      |
[   19.685459] cloud-init[651]: |       o.o       |
[   19.686685] cloud-init[651]: +----[SHA256]-----+
] Reached target Network is Online.[   19.689386] cloud-init[651]: Generating public/private ed25519 key pair.
[   19.690785] cloud-init[651]: Your identification has been saved in /etc/ssh/ssh_host_ed25519_key.
[   19.693463] cloud-init[651]: Your public key has been saved in /etc/ssh/ssh_host_ed25519_key.pub.

[   19.693599] cloud-init[651]: The key fingerprint is:
[   19.697475] cloud-init[651]: SHA256:r1w4rr0PdM0jU8RWtEp8YmLjS7TVVgT3dlUOVRWcEGo root@ubuntu-bionic
         Starting Availability of block devices...
[   19.708164] cloud-init[651]: The key's randomart image is:
[[0;32m  OK  [0m[   19.710581] cloud-init[651]: +--[ED25519 256]--+
[   19.711101] cloud-init[651]: |           ..=O=/|
[   19.711636] cloud-init[651]: |           o+. Oo|
[   19.713348] cloud-init[651]: |          =EB = =|
] Reached target Remote File Systems (Pre).
[   19.714233] cloud-init[651]: |         +.@ = ..|
[   19.717862] cloud-init[651]: |        S B =    |
[   19.719241] cloud-init[651]: |       . = + .   |
[[0;32m  OK  [0m] Reached target Remote File Systems.[   19.720708] cloud-init[651]: |        + +      |
[   19.721732] cloud-init[651]: |       + =       |

[[0;32m  OK  [0m] Reached target System Initialization.
[[0;32m  OK  [0m] Listening on D-Bus System Message Bus Socket.
[   19.723292] cloud-init[651]: |      ..*o.      |
         Starting Socket activation for snappy daemon.
[[0;32m  OK  [0m] Started Daily Cleanup of Temporary Directories.
[[0;32m  OK  [0m] Started ACPI Events Check.
[[0;32m  OK  [0m] Reached target Paths.
[[0;32m  OK  [0m] Listening on Open-iSCSI iscsid Socket.
[[0;32m  OK  [0m] Started Daily apt download activities.
[[0;32m  OK  [0m] Listening on UUID daemon activation socket.
[[0;32m  OK  [0m] Started Message of the Day.
[[0;32m  OK  [0m] Listening on ACPID Listen Socket.
[[0;32m  OK  [0m] Started Daily apt upgrade and clean activities.
         Starting LXD - unix socket.
[   19.761151] cloud-init[[651]: [0;32m  OK  [0m+----[SHA256]-----+] 
Started Discard unused blocks once a week.
[[0;32m  OK  [0m] Reached target Timers.
[[0;32m  OK  [0m] Reached target Cloud-config availability.
[[0;32m  OK  [0m] Started Availability of block devices.
[[0;32m  OK  [0m] Listening on Socket activation for snappy daemon.
[[0;32m  OK  [0m] Listening on LXD - unix socket.
[[0;32m  OK  [0m] Reached target Sockets.
[[0;32m  OK  [0m] Reached target Basic System.
         Starting Permit User Sessions...
         Starting Pollinate to seed the pseudo random number generator...
         Starting LSB: Record successful boot for GRUB...
         Starting Login Service...
[[0;32m  OK  [0m] Started Deferred execution scheduler.
         Starting Accounts Service...
[[0;32m  OK  [0m] Started irqbalance daemon.
         Starting Dispatcher daemon for systemd-networkd...
         Starting LSB: automatic crash report generation...
         Starting Virtualbox guest utils...
[[0;32m  OK  [0m] Started FUSE filesystem for LXC.
[[0;32m  OK  [0m] Started D-Bus System Message Bus.
[[0;32m  OK  [0m] Started Login Service.
         Starting LXD - container startup/shutdown...
[[0;32m  OK  [0m] Started Regular background program processing daemon.
[[0;32m  OK  [0m] Started Unattended Upgrades Shutdown.
         Starting Snap Daemon...
         Starting System Logging Service...
[[0;32m  OK  [0m] Started Permit User Sessions.
[[0;32m  OK  [0m] Started System Logging Service.
[[0;32m  OK  [0m] Started LXD - container startup/shutdown.
         Starting Authorization Manager...
         Starting Hold until boot process finishes up...
         Starting Terminate Plymouth Boot Screen...
[[0;32m  OK  [0m] Started Hold until boot process finishes up.
[[0;32m  OK  [0m] Started Serial Getty on ttyS0.
         Starting Set console scheme...
[[0;32m  OK  [0m] Started Terminate Plymouth Boot Screen.
[[0;32m  OK  [0m] Started LSB: automatic crash report generation.
[[0;32m  OK  [0m] Started LSB: Record successful boot for GRUB.
[[0;32m  OK  [0m] Started Set console scheme.
[[0;32m  OK  [0m] Created slice system-getty.slice.
[[0;32m  OK  [0m] Started Getty on tty1.
[[0;32m  OK  [0m] Reached target Login Prompts.
[[0;32m  OK  [0m] Started Authorization Manager.
[[0;32m  OK  [0m] Started Accounts Service.
[[0;32m  OK  [0m] Started Virtualbox guest utils.
[[0;32m  OK  [0m] Started Dispatcher daemon for systemd-networkd.
[[0;32m  OK  [0m] Started Snap Daemon.
         Starting Wait until snapd is fully seeded...

Ubuntu 18.04.5 LTS ubuntu-bionic ttyS0

ubuntu-bionic login: [   28.960948] cloud-init[1297]: Cloud-init v. 20.2-45-g5f7825e2-0ubuntu1~18.04.1 running 'modules:config' at Wed, 02 Sep 2020 09:37:02 +0000. Up 28.55 seconds.
ci-info: no authorized SSH keys fingerprints found for user ubuntu.
<14>Sep  2 09:37:03 ec2: 
<14>Sep  2 09:37:03 ec2: #############################################################
<14>Sep  2 09:37:03 ec2: -----BEGIN SSH HOST KEY FINGERPRINTS-----
<14>Sep  2 09:37:03 ec2: 1024 SHA256:ZMC33DTxY+R/eFL7jW1EEoEBptt3EeN98ow3IgMYpSg root@ubuntu-bionic (DSA)
<14>Sep  2 09:37:03 ec2: 256 SHA256:QKjYBWM5eL2oZ8TobE9a3BH34ovVrfiJNQohKHpCmIY root@ubuntu-bionic (ECDSA)
<14>Sep  2 09:37:03 ec2: 256 SHA256:r1w4rr0PdM0jU8RWtEp8YmLjS7TVVgT3dlUOVRWcEGo root@ubuntu-bionic (ED25519)
<14>Sep  2 09:37:03 ec2: 2048 SHA256:aB7bp4VhEE74EHUaSWx14uhpZpvhEN9xVRFoJajj/7Y root@ubuntu-bionic (RSA)
<14>Sep  2 09:37:03 ec2: -----END SSH HOST KEY FINGERPRINTS-----
<14>Sep  2 09:37:03 ec2: #############################################################
-----BEGIN SSH HOST KEY KEYS-----
ecdsa-sha2-nistp256 AAAAE2VjZHNhLXNoYTItbmlzdHAyNTYAAAAIbmlzdHAyNTYAAABBBNJKiVxWewiiY/FIi4xv8y5zZtpdrdNUivMJ/e4Ci3ymdG2pT7mo7YQWbI8YCAxU8evobwtE0P1tc77Y3w+bn9I= root@ubuntu-bionic
ssh-ed25519 AAAAC3NzaC1lZDI1NTE5AAAAIG/ITZeU0LJnAw/pY5t0UjrY4hfM+7pPoueakchHcBzz root@ubuntu-bionic
ssh-rsa AAAAB3NzaC1yc2EAAAADAQABAAABAQDvP3qRIlrb1m3vUKvT40/pQHU0POd7sxRCxCthGqS3SmdJiVp1GHHAYsd8siPHY/Mc/xJALB+BBImMH5Y+jFvZCGhHu1ParofCK0NheEQmD/jPqthZct8ksuian4uVqp+7+DxPGv7ealh9loDLbX8w0UHnRnPj9phKj8m2mXoNS/k7m91Q91PU0HFMMPYuWDcweaG+hpjrTsTONbuywztl+JZOpXpr3aRSmkqkE9oT0t4ba6L0ODW7go9KA74kgYJZVxDyi2W/SQF2wbUUtm0APhDgHSpeuJODFvlC258OzMoZDcLPRSHvuIAgR8QBWspY7xyWuWUagQFpCv5XuDsZ root@ubuntu-bionic
-----END SSH HOST KEY KEYS-----
[   29.515210] cloud-init[1502]: Cloud-init v. 20.2-45-g5f7825e2-0ubuntu1~18.04.1 running 'modules:final' at Wed, 02 Sep 2020 09:37:03 +0000. Up 29.38 seconds.
[   29.519676] cloud-init[1502]: ci-info: no authorized SSH keys fingerprints found for user ubuntu.
[   29.520443] cloud-init[1502]: Cloud-init v. 20.2-45-g5f7825e2-0ubuntu1~18.04.1 finished at Wed, 02 Sep 2020 09:37:03 +0000. Datasource DataSourceNoCloud [seed=/dev/sdb][dsmode=net].  Up 29.50 seconds
[121939.681005] e1000 0000:00:03.0 enp0s3: Reset adapter
